# JRE version: OpenJDK Runtime Environment (8.0_152-b01) (build 1.8.0_152-release-915-b01)
# Java VM: OpenJDK 64-Bit Server VM (25.152-b01 mixed mode linux-amd64 compressed oops)
Heap:
 PSYoungGen      total 352256K, used 34425K [0x00000000e0000000, 0x00000000f8900000, 0x0000000100000000)
  eden space 317440K, 0% used [0x00000000e0000000,0x00000000e0000000,0x00000000f3600000)
  from space 34816K, 98% used [0x00000000f3600000,0x00000000f579e5a0,0x00000000f5800000)
  to   space 34304K, 0% used [0x00000000f5800000,0x00000000f5800000,0x00000000f7980000)
 ParOldGen       total 133632K, used 54201K [0x00000000a0000000, 0x00000000a8280000, 0x00000000e0000000)
  object space 133632K, 40% used [0x00000000a0000000,0x00000000a34ee438,0x00000000a8280000)
 Metaspace       used 92791K, capacity 96268K, committed 96472K, reserved 1132544K
  class space    used 12024K, capacity 12745K, committed 12800K, reserved 1048576K
GC Heap History (10 events):
Event: 4255.248 GC heap after
Heap after GC invocations=14 (full 3):
 PSYoungGen      total 272384K, used 16029K [0x00000000e0000000, 0x00000000f2580000, 0x0000000100000000)
  eden space 244224K, 0% used [0x00000000e0000000,0x00000000e0000000,0x00000000eee80000)
  from space 28160K, 56% used [0x00000000eee80000,0x00000000efe27650,0x00000000f0a00000)
  to   space 28160K, 0% used [0x00000000f0a00000,0x00000000f0a00000,0x00000000f2580000)
 ParOldGen       total 133632K, used 44137K [0x00000000a0000000, 0x00000000a8280000, 0x00000000e0000000)
  object space 133632K, 33% used [0x00000000a0000000,0x00000000a2b1a5f8,0x00000000a8280000)
 Metaspace       used 67510K, capacity 70464K, committed 70744K, reserved 1110016K
  class space    used 8900K, capacity 9575K, committed 9600K, reserved 1048576K
}
Event: 4255.248 GC heap before
{Heap before GC invocations=15 (full 4):
 PSYoungGen      total 272384K, used 16029K [0x00000000e0000000, 0x00000000f2580000, 0x0000000100000000)
  eden space 244224K, 0% used [0x00000000e0000000,0x00000000e0000000,0x00000000eee80000)
  from space 28160K, 56% used [0x00000000eee80000,0x00000000efe27650,0x00000000f0a00000)
  to   space 28160K, 0% used [0x00000000f0a00000,0x00000000f0a00000,0x00000000f2580000)
 ParOldGen       total 133632K, used 44137K [0x00000000a0000000, 0x00000000a8280000, 0x00000000e0000000)
  object space 133632K, 33% used [0x00000000a0000000,0x00000000a2b1a5f8,0x00000000a8280000)
 Metaspace       used 67510K, capacity 70464K, committed 70744K, reserved 1110016K
  class space    used 8900K, capacity 9575K, committed 9600K, reserved 1048576K
Event: 4255.792 GC heap after
Heap after GC invocations=15 (full 4):
 PSYoungGen      total 272384K, used 0K [0x00000000e0000000, 0x00000000f2580000, 0x0000000100000000)
  eden space 244224K, 0% used [0x00000000e0000000,0x00000000e0000000,0x00000000eee80000)
  from space 28160K, 0% used [0x00000000eee80000,0x00000000eee80000,0x00000000f0a00000)
  to   space 28160K, 0% used [0x00000000f0a00000,0x00000000f0a00000,0x00000000f2580000)
 ParOldGen       total 133632K, used 41179K [0x00000000a0000000, 0x00000000a8280000, 0x00000000e0000000)
  object space 133632K, 30% used [0x00000000a0000000,0x00000000a2836cc8,0x00000000a8280000)
 Metaspace       used 67260K, capacity 70060K, committed 70744K, reserved 1110016K
  class space    used 8858K, capacity 9497K, committed 9600K, reserved 1048576K
}
Event: 4273.580 GC heap before
{Heap before GC invocations=16 (full 4):
 PSYoungGen      total 272384K, used 225748K [0x00000000e0000000, 0x00000000f2580000, 0x0000000100000000)
  eden space 244224K, 92% used [0x00000000e0000000,0x00000000edc752e0,0x00000000eee80000)
  from space 28160K, 0% used [0x00000000eee80000,0x00000000eee80000,0x00000000f0a00000)
  to   space 28160K, 0% used [0x00000000f0a00000,0x00000000f0a00000,0x00000000f2580000)
 ParOldGen       total 133632K, used 41179K [0x00000000a0000000, 0x00000000a8280000, 0x00000000e0000000)
  object space 133632K, 30% used [0x00000000a0000000,0x00000000a2836cc8,0x00000000a8280000)
 Metaspace       used 85597K, capacity 88950K, committed 89304K, reserved 1126400K
  class space    used 11225K, capacity 11958K, committed 12032K, reserved 1048576K
Event: 4273.661 GC heap after
Heap after GC invocations=16 (full 4):
 PSYoungGen      total 266240K, used 28135K [0x00000000e0000000, 0x00000000f6380000, 0x0000000100000000)
  eden space 238080K, 0% used [0x00000000e0000000,0x00000000e0000000,0x00000000ee880000)
  from space 28160K, 99% used [0x00000000f0a00000,0x00000000f2579d18,0x00000000f2580000)
  to   space 34304K, 0% used [0x00000000ee880000,0x00000000ee880000,0x00000000f0a00000)
 ParOldGen       total 133632K, used 45143K [0x00000000a0000000, 0x00000000a8280000, 0x00000000e0000000)
  object space 133632K, 33% used [0x00000000a0000000,0x00000000a2c15c88,0x00000000a8280000)
 Metaspace       used 85597K, capacity 88950K, committed 89304K, reserved 1126400K
  class space    used 11225K, capacity 11958K, committed 12032K, reserved 1048576K
}
Event: 4274.007 GC heap before
{Heap before GC invocations=17 (full 4):
 PSYoungGen      total 266240K, used 256456K [0x00000000e0000000, 0x00000000f6380000, 0x0000000100000000)
  eden space 238080K, 95% used [0x00000000e0000000,0x00000000edef8598,0x00000000ee880000)
  from space 28160K, 99% used [0x00000000f0a00000,0x00000000f2579d18,0x00000000f2580000)
  to   space 34304K, 0% used [0x00000000ee880000,0x00000000ee880000,0x00000000f0a00000)
 ParOldGen       total 133632K, used 45143K [0x00000000a0000000, 0x00000000a8280000, 0x00000000e0000000)
  object space 133632K, 33% used [0x00000000a0000000,0x00000000a2c15c88,0x00000000a8280000)
 Metaspace       used 86614K, capacity 89964K, committed 90200K, reserved 1128448K
  class space    used 11360K, capacity 12075K, committed 12160K, reserved 1048576K
Event: 4274.045 GC heap after
Heap after GC invocations=17 (full 4):
 PSYoungGen      total 272384K, used 20577K [0x00000000e0000000, 0x00000000f7980000, 0x0000000100000000)
  eden space 238080K, 0% used [0x00000000e0000000,0x00000000e0000000,0x00000000ee880000)
  from space 34304K, 59% used [0x00000000ee880000,0x00000000efc98658,0x00000000f0a00000)
  to   space 34304K, 0% used [0x00000000f5800000,0x00000000f5800000,0x00000000f7980000)
 ParOldGen       total 133632K, used 45143K [0x00000000a0000000, 0x00000000a8280000, 0x00000000e0000000)
  object space 133632K, 33% used [0x00000000a0000000,0x00000000a2c15c88,0x00000000a8280000)
 Metaspace       used 86614K, capacity 89964K, committed 90200K, reserved 1128448K
  class space    used 11360K, capacity 12075K, committed 12160K, reserved 1048576K
}
Event: 4274.543 GC heap before
{Heap before GC invocations=18 (full 4):
 PSYoungGen      total 272384K, used 254522K [0x00000000e0000000, 0x00000000f7980000, 0x0000000100000000)
  eden space 238080K, 98% used [0x00000000e0000000,0x00000000ee476560,0x00000000ee880000)
  from space 34304K, 59% used [0x00000000ee880000,0x00000000efc98658,0x00000000f0a00000)
  to   space 34304K, 0% used [0x00000000f5800000,0x00000000f5800000,0x00000000f7980000)
 ParOldGen       total 133632K, used 45143K [0x00000000a0000000, 0x00000000a8280000, 0x00000000e0000000)
  object space 133632K, 33% used [0x00000000a0000000,0x00000000a2c15c88,0x00000000a8280000)
 Metaspace       used 87709K, capacity 91140K, committed 91352K, reserved 1128448K
  class space    used 11516K, capacity 12261K, committed 12288K, reserved 1048576K
Event: 4274.609 GC heap after
Heap after GC invocations=18 (full 4):
 PSYoungGen      total 351744K, used 21164K [0x00000000e0000000, 0x00000000f8900000, 0x0000000100000000)
  eden space 317440K, 0% used [0x00000000e0000000,0x00000000e0000000,0x00000000f3600000)
  from space 34304K, 61% used [0x00000000f5800000,0x00000000f6cab0e8,0x00000000f7980000)
  to   space 34816K, 0% used [0x00000000f3600000,0x00000000f3600000,0x00000000f5800000)
 ParOldGen       total 133632K, used 45143K [0x00000000a0000000, 0x00000000a8280000, 0x00000000e0000000)
  object space 133632K, 33% used [0x00000000a0000000,0x00000000a2c15c88,0x00000000a8280000)
 Metaspace       used 87709K, capacity 91140K, committed 91352K, reserved 1128448K
  class space    used 11516K, capacity 12261K, committed 12288K, reserved 1048576K
}
Event: 4280.643 GC heap before
{Heap before GC invocations=19 (full 4):
 PSYoungGen      total 351744K, used 338604K [0x00000000e0000000, 0x00000000f8900000, 0x0000000100000000)
  eden space 317440K, 100% used [0x00000000e0000000,0x00000000f3600000,0x00000000f3600000)
  from space 34304K, 61% used [0x00000000f5800000,0x00000000f6cab0e8,0x00000000f7980000)
  to   space 34816K, 0% used [0x00000000f3600000,0x00000000f3600000,0x00000000f5800000)
 ParOldGen       total 133632K, used 45143K [0x00000000a0000000, 0x00000000a8280000, 0x00000000e0000000)
  object space 133632K, 33% used [0x00000000a0000000,0x00000000a2c15c88,0x00000000a8280000)
 Metaspace       used 92791K, capacity 96268K, committed 96472K, reserved 1132544K
  class space    used 12024K, capacity 12745K, committed 12800K, reserved 1048576K

